
Showing logs for build [32mcb-kubecd-environment-pr-234-21-d9cz6-1[0m stage [32mfrom-build-pack[0m and container [32mstep-credential-initializer-r7v8l[0m
{"level":"info","ts":1590503865.6263266,"logger":"fallback-logger","caller":"logging/config.go:69","msg":"Fetch GitHub commit ID from kodata failed: open /var/run/ko/refs/heads/0.8.0-ns-support: no such file or directory"}
{"level":"info","ts":1590503865.6276374,"logger":"fallback-logger","caller":"creds-init/main.go:40","msg":"Credentials initialized."}

Showing logs for build [32mcb-kubecd-environment-pr-234-21-d9cz6-1[0m stage [32mfrom-build-pack[0m and container [32mstep-working-dir-initializer-qjwqn[0m
{"level":"info","ts":1590503866.7357688,"logger":"fallback-logger","caller":"logging/config.go:69","msg":"Fetch GitHub commit ID from kodata failed: open /var/run/ko/HEAD: no such file or directory"}
{"level":"info","ts":1590503866.7413604,"logger":"fallback-logger","caller":"bash/main.go:64","msg":"Successfully executed command \"sh -c mkdir -p /workspace/source\"; output "}

Showing logs for build [32mcb-kubecd-environment-pr-234-21-d9cz6-1[0m stage [32mfrom-build-pack[0m and container [32mstep-place-tools[0m

Showing logs for build [32mcb-kubecd-environment-pr-234-21-d9cz6-1[0m stage [32mfrom-build-pack[0m and container [32mstep-git-source-cb-kubecd-environment-pr-234-21-d9cz6-p95mr[0m
{"level":"info","ts":1590503869.8263068,"logger":"fallback-logger","caller":"logging/config.go:69","msg":"Fetch GitHub commit ID from kodata failed: open /var/run/ko/refs/heads/0.8.0-ns-support: no such file or directory"}
{"level":"info","ts":1590503870.884738,"logger":"fallback-logger","caller":"git/git.go:103","msg":"Successfully cloned https://github.com/cb-kubecd/environment-pr-234-21-boot-gke-production.git @ master in path /workspace/source"}

Showing logs for build [32mcb-kubecd-environment-pr-234-21-d9cz6-1[0m stage [32mfrom-build-pack[0m and container [32mstep-git-merge[0m
Using SHAs from PULL_REFS=master:98a9565ecf5efa5898e1eb43ab023c75e780c9a4,1:dc8bd5873fff9f7185a3425e467fb09cabdc8db8
DEBUG: LC_ALL=C JX_LOG_LEVEL=error git fetch origin --unshallow dc8bd5873fff9f7185a3425e467fb09cabdc8db8: 98a9565ecf5efa5898e1eb43ab023c75e780c9a4:
DEBUG: ran git fetch --unshallow origin dc8bd5873fff9f7185a3425e467fb09cabdc8db8: 98a9565ecf5efa5898e1eb43ab023c75e780c9a4: in 
DEBUG: JX_LOG_LEVEL=error LC_ALL=C git branch
DEBUG: LC_ALL=C JX_LOG_LEVEL=error git checkout master
DEBUG: ran git checkout master in 
DEBUG: JX_LOG_LEVEL=error LC_ALL=C git reset --hard 98a9565ecf5efa5898e1eb43ab023c75e780c9a4
DEBUG: ran git reset --hard 98a9565ecf5efa5898e1eb43ab023c75e780c9a4 in 
DEBUG: LC_ALL=C JX_LOG_LEVEL=error git clean -fd .
DEBUG: ran clean --force -d . in 
DEBUG: LC_ALL=C JX_LOG_LEVEL=error git merge dc8bd5873fff9f7185a3425e467fb09cabdc8db8
DEBUG: ran git merge dc8bd5873fff9f7185a3425e467fb09cabdc8db8 in 
DEBUG: LC_ALL=C JX_LOG_LEVEL=error git log --format=%H%x1f%an%x1f%ae%x1f%cn%x1f%ce%x1f%s%n%b%x1e 98a9565ecf5efa5898e1eb43ab023c75e780c9a4..HEAD
Merged SHA dc8bd5873fff9f7185a3425e467fb09cabdc8db8 with commit message 'chore: Promote bdd-spring-1590502936 to version 0.0.1' into base branch master

Showing logs for build [32mcb-kubecd-environment-pr-234-21-d9cz6-1[0m stage [32mfrom-build-pack[0m and container [32mstep-build-helm-build[0m
WARNING: No $CHART_REPOSITORY defined so using the default value of: http://jenkins-x-chartmuseum:8080
Adding missing Helm repo: storage.googleapis.com https://storage.googleapis.com/chartmuseum.jenkins-x.io
WARNING: No secrets found on "helm/repos" due: reading the secret "helm/repos" from vault: no secret "helm/repos" not found in vault
Read credentials for https://storage.googleapis.com/chartmuseum.jenkins-x.io from vault helm/repos
Successfully added Helm repository storage.googleapis.com.
Adding missing Helm repo: jenkins-x-chartmuseum http://jenkins-x-chartmuseum:8080
WARNING: No secrets found on "helm/repos" due: reading the secret "helm/repos" from vault: no secret "helm/repos" not found in vault
Read credentials for http://jenkins-x-chartmuseum:8080 from vault helm/repos
Successfully added Helm repository jenkins-x-chartmuseum.
WARNING: No $CHART_REPOSITORY defined so using the default value of: http://jenkins-x-chartmuseum:8080
Adding missing Helm repo: chartmuseum.jenkins-x.io http://chartmuseum.jenkins-x.io
WARNING: No secrets found on "helm/repos" due: reading the secret "helm/repos" from vault: no secret "helm/repos" not found in vault
Read credentials for http://chartmuseum.jenkins-x.io from vault helm/repos
Successfully added Helm repository chartmuseum.jenkins-x.io.
